<?xml version="1.0" encoding="UTF-8"?>
<!-- Generated by org.testng.reporters.JUnitXMLReporter -->
<testsuite ignored="0" hostname="LAPTOP-NDRH31F9" failures="1" tests="4" name="Test" time="0.055" errors="0" timestamp="2023-06-30T20:17:21 IST">
  <testcase classname="Groups.Demo1" name="demo1" time="0.006"/>
  <testcase classname="Groups.Demo1" name="demo2" time="0.003">
    <failure type="java.lang.AssertionError" message="null">
      <![CDATA[java.lang.AssertionError: null
at Groups.Demo1.demo2(Demo1.java:17)
at java.base/java.util.ArrayList.forEach(ArrayList.java:1511)
... Removed 29 stack frames]]>
    </failure>
  </testcase> <!-- demo2 -->
  <testcase classname="Groups.Demo1" name="demo3" time="0.001"/>
  <testcase classname="Groups.Demo1" name="demo4" time="0.002"/>
</testsuite> <!-- Test -->
